Traceback (most recent call last):
  File "<frozen runpy>", line 198, in _run_module_as_main
  File "<frozen runpy>", line 88, in _run_code
  File "/Users/filippodimarzio/AISystemFDM/.venv/lib/python3.13/site-packages/uvicorn/__main__.py", line 4, in <module>
    uvicorn.main()
    ~~~~~~~~~~~~^^
  File "/Users/filippodimarzio/AISystemFDM/.venv/lib/python3.13/site-packages/click/core.py", line 1485, in __call__
    return self.main(*args, **kwargs)
           ~~~~~~~~~^^^^^^^^^^^^^^^^^
  File "/Users/filippodimarzio/AISystemFDM/.venv/lib/python3.13/site-packages/click/core.py", line 1406, in main
    rv = self.invoke(ctx)
  File "/Users/filippodimarzio/AISystemFDM/.venv/lib/python3.13/site-packages/click/core.py", line 1269, in invoke
    return ctx.invoke(self.callback, **ctx.params)
           ~~~~~~~~~~^^^^^^^^^^^^^^^^^^^^^^^^^^^^^
  File "/Users/filippodimarzio/AISystemFDM/.venv/lib/python3.13/site-packages/click/core.py", line 824, in invoke
    return callback(*args, **kwargs)
  File "/Users/filippodimarzio/AISystemFDM/.venv/lib/python3.13/site-packages/uvicorn/main.py", line 416, in main
    run(
    ~~~^
        app,
        ^^^^
    ...<45 lines>...
        h11_max_incomplete_event_size=h11_max_incomplete_event_size,
        ^^^^^^^^^^^^^^^^^^^^^^^^^^^^^^^^^^^^^^^^^^^^^^^^^^^^^^^^^^^^
    )
    ^
  File "/Users/filippodimarzio/AISystemFDM/.venv/lib/python3.13/site-packages/uvicorn/main.py", line 587, in run
    server.run()
    ~~~~~~~~~~^^
  File "/Users/filippodimarzio/AISystemFDM/.venv/lib/python3.13/site-packages/uvicorn/server.py", line 61, in run
    return asyncio.run(self.serve(sockets=sockets))
           ~~~~~~~~~~~^^^^^^^^^^^^^^^^^^^^^^^^^^^^^
  File "/Library/Frameworks/Python.framework/Versions/3.13/lib/python3.13/asyncio/runners.py", line 195, in run
    return runner.run(main)
           ~~~~~~~~~~^^^^^^
  File "/Library/Frameworks/Python.framework/Versions/3.13/lib/python3.13/asyncio/runners.py", line 118, in run
    return self._loop.run_until_complete(task)
           ~~~~~~~~~~~~~~~~~~~~~~~~~~~~~^^^^^^
  File "/Library/Frameworks/Python.framework/Versions/3.13/lib/python3.13/asyncio/base_events.py", line 725, in run_until_complete
    return future.result()
           ~~~~~~~~~~~~~^^
  File "/Users/filippodimarzio/AISystemFDM/.venv/lib/python3.13/site-packages/uvicorn/server.py", line 68, in serve
    config.load()
    ~~~~~~~~~~~^^
  File "/Users/filippodimarzio/AISystemFDM/.venv/lib/python3.13/site-packages/uvicorn/config.py", line 467, in load
    self.loaded_app = import_from_string(self.app)
                      ~~~~~~~~~~~~~~~~~~^^^^^^^^^^
  File "/Users/filippodimarzio/AISystemFDM/.venv/lib/python3.13/site-packages/uvicorn/importer.py", line 21, in import_from_string
    module = importlib.import_module(module_str)
  File "/Library/Frameworks/Python.framework/Versions/3.13/lib/python3.13/importlib/__init__.py", line 88, in import_module
    return _bootstrap._gcd_import(name[level:], package, level)
           ~~~~~~~~~~~~~~~~~~~~~~^^^^^^^^^^^^^^^^^^^^^^^^^^^^^^
  File "<frozen importlib._bootstrap>", line 1387, in _gcd_import
  File "<frozen importlib._bootstrap>", line 1360, in _find_and_load
  File "<frozen importlib._bootstrap>", line 1331, in _find_and_load_unlocked
  File "<frozen importlib._bootstrap>", line 935, in _load_unlocked
  File "<frozen importlib._bootstrap_external>", line 1026, in exec_module
  File "<frozen importlib._bootstrap>", line 488, in _call_with_frames_removed
  File "/Users/filippodimarzio/AISystemFDM/main.py", line 14, in <module>
    from sqlalchemy.orm import Session
  File "/Users/filippodimarzio/AISystemFDM/.venv/lib/python3.13/site-packages/sqlalchemy/__init__.py", line 13, in <module>
    from .engine import AdaptedConnection as AdaptedConnection
  File "/Users/filippodimarzio/AISystemFDM/.venv/lib/python3.13/site-packages/sqlalchemy/engine/__init__.py", line 18, in <module>
    from . import events as events
  File "/Users/filippodimarzio/AISystemFDM/.venv/lib/python3.13/site-packages/sqlalchemy/engine/events.py", line 19, in <module>
    from .base import Connection
  File "/Users/filippodimarzio/AISystemFDM/.venv/lib/python3.13/site-packages/sqlalchemy/engine/base.py", line 30, in <module>
    from .interfaces import BindTyping
  File "/Users/filippodimarzio/AISystemFDM/.venv/lib/python3.13/site-packages/sqlalchemy/engine/interfaces.py", line 38, in <module>
    from ..sql.compiler import Compiled as Compiled
  File "/Users/filippodimarzio/AISystemFDM/.venv/lib/python3.13/site-packages/sqlalchemy/sql/__init__.py", line 14, in <module>
    from .compiler import COLLECT_CARTESIAN_PRODUCTS as COLLECT_CARTESIAN_PRODUCTS
  File "/Users/filippodimarzio/AISystemFDM/.venv/lib/python3.13/site-packages/sqlalchemy/sql/compiler.py", line 61, in <module>
    from . import crud
  File "/Users/filippodimarzio/AISystemFDM/.venv/lib/python3.13/site-packages/sqlalchemy/sql/crud.py", line 34, in <module>
    from . import dml
  File "/Users/filippodimarzio/AISystemFDM/.venv/lib/python3.13/site-packages/sqlalchemy/sql/dml.py", line 34, in <module>
    from . import util as sql_util
  File "/Users/filippodimarzio/AISystemFDM/.venv/lib/python3.13/site-packages/sqlalchemy/sql/util.py", line 46, in <module>
    from .ddl import sort_tables as sort_tables  # noqa: F401
    ^^^^^^^^^^^^^^^^^^^^^^^^^^^^^^^^^^^^^^^^^^^
  File "/Users/filippodimarzio/AISystemFDM/.venv/lib/python3.13/site-packages/sqlalchemy/sql/ddl.py", line 30, in <module>
    from .elements import ClauseElement
  File "/Users/filippodimarzio/AISystemFDM/.venv/lib/python3.13/site-packages/sqlalchemy/sql/elements.py", line 808, in <module>
    class SQLCoreOperations(Generic[_T_co], ColumnOperators, TypingOnly):
    ...<472 lines>...
                ...
  File "/Library/Frameworks/Python.framework/Versions/3.13/lib/python3.13/typing.py", line 1257, in _generic_init_subclass
    super(Generic, cls).__init_subclass__(*args, **kwargs)
    ~~~~~~~~~~~~~~~~~~~~~~~~~~~~~~~~~~~~~^^^^^^^^^^^^^^^^^
  File "/Users/filippodimarzio/AISystemFDM/.venv/lib/python3.13/site-packages/sqlalchemy/util/langhelpers.py", line 1988, in __init_subclass__
    raise AssertionError(
    ...<2 lines>...
    )
AssertionError: Class <class 'sqlalchemy.sql.elements.SQLCoreOperations'> directly inherits TypingOnly but has additional attributes {'__static_attributes__', '__firstlineno__'}.
